<?xml version="1.0" encoding="UTF-8"?>
<testsuites name="Test Suite_ver0.1" time="72" tests="4" failures="0" errors="0">
   <testsuite name="Test Suite_ver0.1" tests="4" failures="0" errors="0" time="72" timestamp="2019-01-16 12:22:45" hostname="mpetracc - DP-CCG-VDESK10.lseg.stockex.local" id="Test Suites/Imported from Selenium IDE Scripts/Test Suite/Test Suite_ver0.1">
      <properties>
         <property name="deviceName" value=""/>
         <property name="devicePlatform" value=""/>
         <property name="logFolder" value="C:\\Users\\mpetracc\\Katalon Studio\\KKPAMPCCPA\\Reports\\Imported from Selenium IDE Scripts\\Test Suite\\Test Suite_ver0.1\\20190116_122242"/>
         <property name="logFiles" value="C:\\Users\\mpetracc\\Katalon Studio\\KKPAMPCCPA\\Reports\\Imported from Selenium IDE Scripts\\Test Suite\\Test Suite_ver0.1\\20190116_122242\\execution0.log"/>
         <property name="attachments" value=""/>
         <property name="hostName" value="mpetracc - DP-CCG-VDESK10.lseg.stockex.local"/>
         <property name="os" value="Windows 10 64bit"/>
         <property name="katalonVersion" value="5.7.1.1"/>
         <property name="browser" value="Firefox 60.0"/>
         <property name="hostAddress" value="10.0.15.229"/>
         <property name="sessionId" value="95c539f5-2374-4c55-ac57-ab52977669a9"/>
         <property name="seleniumVersion" value="3.7.1"/>
         <property name="proxyInformation" value="ProxyInformation{proxyOption=USE_SYSTEM, proxyServerType=HTTP, password=, proxyServerAddress=, proxyServerPort=0}"/>
         <property name="platform" value="Windows 10"/>
      </properties>
      <testcase name="Test Cases/Imported from Selenium IDE Scripts/ver. 0.1/RU01/RU01-NUC01-T01" classname="Test Cases/Imported from Selenium IDE Scripts/ver. 0.1/RU01/RU01-NUC01-T01" status="PASSED">
         <system-out><![CDATA[2019-01-16 12:22:46 - [TEST_CASE][PASSED] - Test Cases/Imported from Selenium IDE Scripts/ver. 0.1/RU01/RU01-NUC01-T01: Test Cases/Imported from Selenium IDE Scripts/ver. 0.1/RU01/RU01-NUC01-T01

2019-01-16 12:22:46 - [TEST_STEP][PASSED] - Comment - "----------------------------------------------------": null

2019-01-16 12:22:46 - [TEST_STEP][PASSED] - Comment - "This test case script is generated by Katalon Studio": null

2019-01-16 12:22:46 - [TEST_STEP][PASSED] - Comment - "Generated date: 09-Oct-2018 09:59:22 AM": null

2019-01-16 12:22:47 - [TEST_STEP][PASSED] - Comment - "File path: H:\Desktop\PAMPCCPA_0.1\PAMPCCPA_0.1\CdT\RUN_1\RU01\RU01-NUC01-T01.rctest": null

2019-01-16 12:22:47 - [TEST_STEP][PASSED] - Comment - "Generated by: masspetracca@gmail.com": null

2019-01-16 12:22:47 - [TEST_STEP][PASSED] - openBrowser: Browser is opened with url: ''

2019-01-16 12:22:53 - [MESSAGE][PASSED] - Browser is opened with url: ''

2019-01-16 12:22:53 - [TEST_STEP][PASSED] - navigateToUrl: Navigate to 'https://10.178.25.6:10023/PampWeb/login.jsp' successfully

2019-01-16 12:22:53 - [MESSAGE][PASSED] - Navigate to 'https://10.178.25.6:10023/PampWeb/login.jsp' successfully

2019-01-16 12:22:53 - [TEST_STEP][PASSED] - setText: Text 'petracca' is set on object 'Object Repository/ver 0.1/Page_CCG Portal/RU01/RU01-NUC01-T01/input_Username_j_username'

2019-01-16 12:22:54 - [MESSAGE][PASSED] - Text 'petracca' is set on object 'Object Repository/ver 0.1/Page_CCG Portal/RU01/RU01-NUC01-T01/input_Username_j_username'

2019-01-16 12:22:54 - [TEST_STEP][PASSED] - setText: Text 'petracca' is set on object 'Object Repository/ver 0.1/Page_CCG Portal/RU01/RU01-NUC01-T01/input_Password_j_password'

2019-01-16 12:22:54 - [MESSAGE][PASSED] - Text 'petracca' is set on object 'Object Repository/ver 0.1/Page_CCG Portal/RU01/RU01-NUC01-T01/input_Password_j_password'

2019-01-16 12:22:54 - [TEST_STEP][PASSED] - click: Object: 'Object Repository/ver 0.1/Page_CCG Portal/RU01/RU01-NUC01-T01/input_Password_submitLabel' is clicked on

2019-01-16 12:23:01 - [MESSAGE][PASSED] - Object: 'Object Repository/ver 0.1/Page_CCG Portal/RU01/RU01-NUC01-T01/input_Password_submitLabel' is clicked on

2019-01-16 12:23:01 - [TEST_STEP][PASSED] - navigateToUrl: Navigate to 'https://10.178.25.6:10023/PampWeb/index.html#eq_static' successfully

2019-01-16 12:23:01 - [MESSAGE][PASSED] - Navigate to 'https://10.178.25.6:10023/PampWeb/index.html#eq_static' successfully

2019-01-16 12:23:01 - [TEST_STEP][PASSED] - click: Object: 'Object Repository/ver 0.1/Page_CCG Portal/RU01/RU01-NUC01-T01/div_Disabled' is clicked on

2019-01-16 12:23:07 - [MESSAGE][PASSED] - Object: 'Object Repository/ver 0.1/Page_CCG Portal/RU01/RU01-NUC01-T01/div_Disabled' is clicked on

2019-01-16 12:23:07 - [TEST_STEP][PASSED] - click: Object: 'Object Repository/ver 0.1/Page_CCG Portal/RU01/RU01-NUC01-T01/div_Show' is clicked on

2019-01-16 12:23:08 - [MESSAGE][PASSED] - Object: 'Object Repository/ver 0.1/Page_CCG Portal/RU01/RU01-NUC01-T01/div_Show' is clicked on

2019-01-16 12:23:08 - [TEST_STEP][PASSED] - click: Object: 'Object Repository/ver 0.1/Page_CCG Portal/RU01/RU01-NUC01-T01/img_Disabled_isc_3D' is clicked on

2019-01-16 12:23:09 - [MESSAGE][PASSED] - Object: 'Object Repository/ver 0.1/Page_CCG Portal/RU01/RU01-NUC01-T01/img_Disabled_isc_3D' is clicked on

2019-01-16 12:23:09 - [TEST_STEP][PASSED] - click: Object: 'Object Repository/ver 0.1/Page_CCG Portal/RU01/RU01-NUC01-T01/div_Underlying' is clicked on

2019-01-16 12:23:09 - [MESSAGE][PASSED] - Object: 'Object Repository/ver 0.1/Page_CCG Portal/RU01/RU01-NUC01-T01/div_Underlying' is clicked on

2019-01-16 12:23:09 - [TEST_STEP][PASSED] - click: Object: 'Object Repository/ver 0.1/Page_CCG Portal/RU01/RU01-NUC01-T01/div_Show' is clicked on

2019-01-16 12:23:10 - [MESSAGE][PASSED] - Object: 'Object Repository/ver 0.1/Page_CCG Portal/RU01/RU01-NUC01-T01/div_Show' is clicked on

2019-01-16 12:23:10 - [TEST_STEP][PASSED] - click: Object: 'Object Repository/ver 0.1/Page_CCG Portal/RU01/RU01-NUC01-T01/td_Markets...' is clicked on

2019-01-16 12:23:10 - [MESSAGE][PASSED] - Object: 'Object Repository/ver 0.1/Page_CCG Portal/RU01/RU01-NUC01-T01/td_Markets...' is clicked on

2019-01-16 12:23:10 - [TEST_STEP][PASSED] - click: Object: 'Object Repository/ver 0.1/Page_CCG Portal/RU01/RU01-NUC01-T01/div_XVIE' is clicked on

2019-01-16 12:23:11 - [MESSAGE][PASSED] - Object: 'Object Repository/ver 0.1/Page_CCG Portal/RU01/RU01-NUC01-T01/div_XVIE' is clicked on

2019-01-16 12:23:11 - [TEST_STEP][PASSED] - closeBrowser: Browser is closed

2019-01-16 12:23:11 - [MESSAGE][PASSED] - Browser is closed]]></system-out>
         <system-err><![CDATA[]]></system-err>
      </testcase>
      <testcase name="Test Cases/Imported from Selenium IDE Scripts/ver. 0.1/RU01/RU01-NUC02-T01" classname="Test Cases/Imported from Selenium IDE Scripts/ver. 0.1/RU01/RU01-NUC02-T01" status="PASSED">
         <system-out><![CDATA[2019-01-16 12:23:11 - [TEST_CASE][PASSED] - Test Cases/Imported from Selenium IDE Scripts/ver. 0.1/RU01/RU01-NUC02-T01: Test Cases/Imported from Selenium IDE Scripts/ver. 0.1/RU01/RU01-NUC02-T01

2019-01-16 12:23:12 - [TEST_STEP][PASSED] - Comment - "----------------------------------------------------": null

2019-01-16 12:23:12 - [TEST_STEP][PASSED] - Comment - "This test case script is generated by Katalon Studio": null

2019-01-16 12:23:12 - [TEST_STEP][PASSED] - Comment - "Generated date: 09-Oct-2018 09:59:22 AM": null

2019-01-16 12:23:12 - [TEST_STEP][PASSED] - Comment - "File path: H:\Desktop\PAMPCCPA_0.1\PAMPCCPA_0.1\CdT\RUN_1\RU01\RU01-NUC02-T01.rctest": null

2019-01-16 12:23:12 - [TEST_STEP][PASSED] - Comment - "Generated by: masspetracca@gmail.com": null

2019-01-16 12:23:12 - [TEST_STEP][PASSED] - openBrowser: Browser is opened with url: ''

2019-01-16 12:23:17 - [MESSAGE][PASSED] - Browser is opened with url: ''

2019-01-16 12:23:17 - [TEST_STEP][PASSED] - navigateToUrl: Navigate to 'https://10.178.25.6:10023/PampWeb/login.jsp' successfully

2019-01-16 12:23:17 - [MESSAGE][PASSED] - Navigate to 'https://10.178.25.6:10023/PampWeb/login.jsp' successfully

2019-01-16 12:23:17 - [TEST_STEP][PASSED] - setText: Text 'petracca' is set on object 'Object Repository/ver 0.1/Page_CCG Portal/RU01/RU01-NUC02-T01/input_Username_j_username'

2019-01-16 12:23:17 - [MESSAGE][PASSED] - Text 'petracca' is set on object 'Object Repository/ver 0.1/Page_CCG Portal/RU01/RU01-NUC02-T01/input_Username_j_username'

2019-01-16 12:23:17 - [TEST_STEP][PASSED] - setText: Text 'petracca' is set on object 'Object Repository/ver 0.1/Page_CCG Portal/RU01/RU01-NUC02-T01/input_Password_j_password'

2019-01-16 12:23:17 - [MESSAGE][PASSED] - Text 'petracca' is set on object 'Object Repository/ver 0.1/Page_CCG Portal/RU01/RU01-NUC02-T01/input_Password_j_password'

2019-01-16 12:23:17 - [TEST_STEP][PASSED] - click: Object: 'Object Repository/ver 0.1/Page_CCG Portal/RU01/RU01-NUC02-T01/input_Password_submitLabel' is clicked on

2019-01-16 12:23:24 - [MESSAGE][PASSED] - Object: 'Object Repository/ver 0.1/Page_CCG Portal/RU01/RU01-NUC02-T01/input_Password_submitLabel' is clicked on

2019-01-16 12:23:24 - [TEST_STEP][PASSED] - navigateToUrl: Navigate to 'https://10.178.25.6:10023/PampWeb/index.html#eq_hview' successfully

2019-01-16 12:23:24 - [MESSAGE][PASSED] - Navigate to 'https://10.178.25.6:10023/PampWeb/index.html#eq_hview' successfully

2019-01-16 12:23:24 - [TEST_STEP][PASSED] - click: Object: 'Object Repository/ver 0.1/Page_CCG Portal/RU01/RU01-NUC02-T01/img_Instrument_isc_3E' is clicked on

2019-01-16 12:23:26 - [MESSAGE][PASSED] - Object: 'Object Repository/ver 0.1/Page_CCG Portal/RU01/RU01-NUC02-T01/img_Instrument_isc_3E' is clicked on

2019-01-16 12:23:26 - [TEST_STEP][PASSED] - click: Object: 'Object Repository/ver 0.1/Page_CCG Portal/RU01/RU01-NUC02-T01/div_ABN AMRO OE CERT07 BASKET' is clicked on

2019-01-16 12:23:27 - [MESSAGE][PASSED] - Object: 'Object Repository/ver 0.1/Page_CCG Portal/RU01/RU01-NUC02-T01/div_ABN AMRO OE CERT07 BASKET' is clicked on

2019-01-16 12:23:27 - [TEST_STEP][PASSED] - click: Object: 'Object Repository/ver 0.1/Page_CCG Portal/RU01/RU01-NUC02-T01/div_Show' is clicked on

2019-01-16 12:23:27 - [MESSAGE][PASSED] - Object: 'Object Repository/ver 0.1/Page_CCG Portal/RU01/RU01-NUC02-T01/div_Show' is clicked on

2019-01-16 12:23:27 - [TEST_STEP][PASSED] - click: Object: 'Object Repository/ver 0.1/Page_CCG Portal/RU01/RU01-NUC02-T01/b_Nome Cognomes profile' is clicked on

2019-01-16 12:23:28 - [MESSAGE][PASSED] - Object: 'Object Repository/ver 0.1/Page_CCG Portal/RU01/RU01-NUC02-T01/b_Nome Cognomes profile' is clicked on

2019-01-16 12:23:28 - [TEST_STEP][PASSED] - click: Object: 'Object Repository/ver 0.1/Page_CCG Portal/RU01/RU01-NUC02-T01/font_Logout' is clicked on

2019-01-16 12:23:28 - [MESSAGE][PASSED] - Object: 'Object Repository/ver 0.1/Page_CCG Portal/RU01/RU01-NUC02-T01/font_Logout' is clicked on

2019-01-16 12:23:28 - [TEST_STEP][PASSED] - closeBrowser: Browser is closed

2019-01-16 12:23:28 - [MESSAGE][PASSED] - Browser is closed]]></system-out>
         <system-err><![CDATA[]]></system-err>
      </testcase>
      <testcase name="Test Cases/Imported from Selenium IDE Scripts/ver. 0.1/RU01/RU01-NUC03-T01" classname="Test Cases/Imported from Selenium IDE Scripts/ver. 0.1/RU01/RU01-NUC03-T01" status="PASSED">
         <system-out><![CDATA[2019-01-16 12:23:28 - [TEST_CASE][PASSED] - Test Cases/Imported from Selenium IDE Scripts/ver. 0.1/RU01/RU01-NUC03-T01: Test Cases/Imported from Selenium IDE Scripts/ver. 0.1/RU01/RU01-NUC03-T01

2019-01-16 12:23:29 - [TEST_STEP][PASSED] - Comment - "----------------------------------------------------": null

2019-01-16 12:23:29 - [TEST_STEP][PASSED] - Comment - "This test case script is generated by Katalon Studio": null

2019-01-16 12:23:29 - [TEST_STEP][PASSED] - Comment - "Generated date: 09-Oct-2018 09:59:22 AM": null

2019-01-16 12:23:29 - [TEST_STEP][PASSED] - Comment - "File path: H:\Desktop\PAMPCCPA_0.1\PAMPCCPA_0.1\CdT\RUN_1\RU01\RU01-NUC03-T01.rctest": null

2019-01-16 12:23:29 - [TEST_STEP][PASSED] - Comment - "Generated by: masspetracca@gmail.com": null

2019-01-16 12:23:29 - [TEST_STEP][PASSED] - openBrowser: Browser is opened with url: ''

2019-01-16 12:23:34 - [MESSAGE][PASSED] - Browser is opened with url: ''

2019-01-16 12:23:34 - [TEST_STEP][PASSED] - navigateToUrl: Navigate to 'https://10.178.25.6:10023/PampWeb/login.jsp' successfully

2019-01-16 12:23:34 - [MESSAGE][PASSED] - Navigate to 'https://10.178.25.6:10023/PampWeb/login.jsp' successfully

2019-01-16 12:23:34 - [TEST_STEP][PASSED] - setText: Text 'petracca' is set on object 'Object Repository/ver 0.1/Page_CCG Portal/RU01/RU01-NUC03-T01/input_Username_j_username'

2019-01-16 12:23:34 - [MESSAGE][PASSED] - Text 'petracca' is set on object 'Object Repository/ver 0.1/Page_CCG Portal/RU01/RU01-NUC03-T01/input_Username_j_username'

2019-01-16 12:23:34 - [TEST_STEP][PASSED] - setText: Text 'petracca' is set on object 'Object Repository/ver 0.1/Page_CCG Portal/RU01/RU01-NUC03-T01/input_Password_j_password'

2019-01-16 12:23:34 - [MESSAGE][PASSED] - Text 'petracca' is set on object 'Object Repository/ver 0.1/Page_CCG Portal/RU01/RU01-NUC03-T01/input_Password_j_password'

2019-01-16 12:23:34 - [TEST_STEP][PASSED] - click: Object: 'Object Repository/ver 0.1/Page_CCG Portal/RU01/RU01-NUC03-T01/input_Password_submitLabel' is clicked on

2019-01-16 12:23:41 - [MESSAGE][PASSED] - Object: 'Object Repository/ver 0.1/Page_CCG Portal/RU01/RU01-NUC03-T01/input_Password_submitLabel' is clicked on

2019-01-16 12:23:41 - [TEST_STEP][PASSED] - navigateToUrl: Navigate to 'https://10.178.25.6:10023/PampWeb/index.html#eq_prices' successfully

2019-01-16 12:23:41 - [MESSAGE][PASSED] - Navigate to 'https://10.178.25.6:10023/PampWeb/index.html#eq_prices' successfully

2019-01-16 12:23:41 - [TEST_STEP][PASSED] - click: Object: 'Object Repository/ver 0.1/Page_CCG Portal/RU01/RU01-NUC03-T01/img_Instrument_isc_3E' is clicked on

2019-01-16 12:23:42 - [MESSAGE][PASSED] - Object: 'Object Repository/ver 0.1/Page_CCG Portal/RU01/RU01-NUC03-T01/img_Instrument_isc_3E' is clicked on

2019-01-16 12:23:42 - [TEST_STEP][PASSED] - click: Object: 'Object Repository/ver 0.1/Page_CCG Portal/RU01/RU01-NUC03-T01/div_ABN AMRO OE CERT07 BASKET' is clicked on

2019-01-16 12:23:43 - [MESSAGE][PASSED] - Object: 'Object Repository/ver 0.1/Page_CCG Portal/RU01/RU01-NUC03-T01/div_ABN AMRO OE CERT07 BASKET' is clicked on

2019-01-16 12:23:43 - [TEST_STEP][PASSED] - click: Object: 'Object Repository/ver 0.1/Page_CCG Portal/RU01/RU01-NUC03-T01/div_Show' is clicked on

2019-01-16 12:23:43 - [MESSAGE][PASSED] - Object: 'Object Repository/ver 0.1/Page_CCG Portal/RU01/RU01-NUC03-T01/div_Show' is clicked on

2019-01-16 12:23:43 - [TEST_STEP][PASSED] - click: Object: 'Object Repository/ver 0.1/Page_CCG Portal/RU01/RU01-NUC03-T01/div_Market calendar...' is clicked on

2019-01-16 12:23:44 - [MESSAGE][PASSED] - Object: 'Object Repository/ver 0.1/Page_CCG Portal/RU01/RU01-NUC03-T01/div_Market calendar...' is clicked on

2019-01-16 12:23:44 - [TEST_STEP][PASSED] - click: Object: 'Object Repository/ver 0.1/Page_CCG Portal/RU01/RU01-NUC03-T01/td_Export' is clicked on

2019-01-16 12:23:45 - [MESSAGE][PASSED] - Object: 'Object Repository/ver 0.1/Page_CCG Portal/RU01/RU01-NUC03-T01/td_Export' is clicked on

2019-01-16 12:23:45 - [TEST_STEP][PASSED] - closeBrowser: Browser is closed

2019-01-16 12:23:45 - [MESSAGE][PASSED] - Browser is closed]]></system-out>
         <system-err><![CDATA[]]></system-err>
      </testcase>
      <testcase name="Test Cases/Imported from Selenium IDE Scripts/ver. 0.1/RU02/RU02-NUC02-T01" classname="Test Cases/Imported from Selenium IDE Scripts/ver. 0.1/RU02/RU02-NUC02-T01" status="PASSED">
         <system-out><![CDATA[2019-01-16 12:23:45 - [TEST_CASE][PASSED] - Test Cases/Imported from Selenium IDE Scripts/ver. 0.1/RU02/RU02-NUC02-T01: Test Cases/Imported from Selenium IDE Scripts/ver. 0.1/RU02/RU02-NUC02-T01

2019-01-16 12:23:46 - [TEST_STEP][PASSED] - Comment - "----------------------------------------------------": null

2019-01-16 12:23:46 - [TEST_STEP][PASSED] - Comment - "This test case script is generated by Katalon Studio": null

2019-01-16 12:23:46 - [TEST_STEP][PASSED] - Comment - "Generated date: 09-Oct-2018 09:59:22 AM": null

2019-01-16 12:23:46 - [TEST_STEP][PASSED] - Comment - "File path: H:\Desktop\PAMPCCPA_0.1\PAMPCCPA_0.1\CdT\RUN_1\RU02\RU02-NUC02-T01.rctest": null

2019-01-16 12:23:46 - [TEST_STEP][PASSED] - Comment - "Generated by: masspetracca@gmail.com": null

2019-01-16 12:23:46 - [TEST_STEP][PASSED] - openBrowser: Browser is opened with url: ''

2019-01-16 12:23:50 - [MESSAGE][PASSED] - Browser is opened with url: ''

2019-01-16 12:23:50 - [TEST_STEP][PASSED] - navigateToUrl: Navigate to 'https://10.178.25.6:10023/PampWeb/login.jsp' successfully

2019-01-16 12:23:50 - [MESSAGE][PASSED] - Navigate to 'https://10.178.25.6:10023/PampWeb/login.jsp' successfully

2019-01-16 12:23:50 - [TEST_STEP][PASSED] - setText: Text 'petracca' is set on object 'Object Repository/ver 0.1/Page_CCG Portal/RU02/RU02-NUC02-T01/input_Username_j_username'

2019-01-16 12:23:51 - [MESSAGE][PASSED] - Text 'petracca' is set on object 'Object Repository/ver 0.1/Page_CCG Portal/RU02/RU02-NUC02-T01/input_Username_j_username'

2019-01-16 12:23:51 - [TEST_STEP][PASSED] - setEncryptedText: Text ****** has been set on object 'Object Repository/ver 0.1/Page_CCG Portal/RU02/RU02-NUC02-T01/input_Password_j_password'

2019-01-16 12:23:51 - [MESSAGE][PASSED] - Text ****** has been set on object 'Object Repository/ver 0.1/Page_CCG Portal/RU02/RU02-NUC02-T01/input_Password_j_password'

2019-01-16 12:23:51 - [TEST_STEP][PASSED] - click: Object: 'Object Repository/ver 0.1/Page_CCG Portal/RU02/RU02-NUC02-T01/input_Password_submitLabel' is clicked on

2019-01-16 12:23:57 - [MESSAGE][PASSED] - Object: 'Object Repository/ver 0.1/Page_CCG Portal/RU02/RU02-NUC02-T01/input_Password_submitLabel' is clicked on

2019-01-16 12:23:57 - [TEST_STEP][PASSED] - navigateToUrl: Navigate to 'https://10.178.25.6:10023/PampWeb/index.html#hc_static' successfully

2019-01-16 12:23:57 - [MESSAGE][PASSED] - Navigate to 'https://10.178.25.6:10023/PampWeb/index.html#hc_static' successfully

2019-01-16 12:23:57 - [TEST_STEP][PASSED] - closeBrowser: Browser is closed

2019-01-16 12:23:58 - [MESSAGE][PASSED] - Browser is closed]]></system-out>
         <system-err><![CDATA[]]></system-err>
      </testcase>
      <system-out><![CDATA[2019-01-16 12:22:45 - [TEST_SUITE][PASSED] - Test Suite_ver0.1: Test Cases/Imported from Selenium IDE Scripts/ver. 0.1/RU02/RU02-NUC02-T01]]></system-out>
      <system-err><![CDATA[]]></system-err>
   </testsuite>
</testsuites>
